SF:lib\service\api_moviedb.dart
DA:14,3
DA:17,9
DA:18,2
DA:19,4
DA:22,1
DA:23,1
DA:28,1
DA:31,3
DA:32,2
DA:33,4
DA:37,1
DA:38,1
DA:43,1
DA:46,3
DA:47,2
DA:48,4
DA:49,1
DA:50,2
DA:51,2
DA:52,1
DA:55,0
DA:56,0
DA:61,1
DA:63,1
DA:64,3
DA:65,2
DA:66,4
DA:70,1
DA:71,1
DA:76,1
DA:78,4
DA:79,2
DA:80,0
DA:81,0
DA:84,1
DA:85,1
DA:90,1
DA:92,4
DA:93,2
DA:94,4
DA:97,1
DA:98,1
DA:103,1
DA:106,4
DA:107,2
DA:109,4
DA:113,0
DA:114,0
DA:119,0
DA:122,0
DA:123,0
DA:126,0
DA:127,0
DA:132,1
DA:135,4
DA:136,2
DA:137,4
DA:138,0
DA:141,2
LF:59
LH:47
end_of_record
SF:lib\data\dao\movie_dao.dart
DA:57,0
DA:58,0
DA:59,0
DA:60,0
DA:64,0
DA:65,0
DA:66,0
DA:69,2
DA:73,2
DA:74,0
DA:75,0
DA:76,2
DA:77,4
DA:78,0
DA:80,0
DA:81,0
DA:83,0
DA:84,0
DA:85,0
DA:88,0
DA:90,0
DA:92,0
LF:22
LH:4
end_of_record
SF:lib\model\ganre.g.dart
DA:9,2
DA:10,1
DA:11,1
DA:14,0
DA:15,0
DA:16,0
LF:6
LH:3
end_of_record
SF:lib\model\ganre.dart
DA:12,1
DA:14,2
DA:16,0
LF:3
LH:2
end_of_record
SF:lib\model\ganre_movie_id.dart
DA:19,0
LF:1
LH:0
end_of_record
SF:lib\model\movie.g.dart
DA:9,1
DA:10,1
DA:11,1
DA:12,0
DA:15,0
DA:16,0
DA:17,0
DA:18,0
LF:8
LH:3
end_of_record
SF:lib\model\movie.dart
DA:16,2
DA:23,2
DA:25,0
LF:3
LH:2
end_of_record
SF:lib\data\database\database.g.dart
DA:13,0
DA:14,0
DA:19,4
DA:20,4
DA:24,4
DA:33,0
DA:34,0
DA:39,0
DA:40,0
DA:45,4
DA:46,4
DA:47,0
DA:49,4
DA:50,12
DA:52,4
DA:53,4
DA:60,4
DA:61,8
DA:66,4
DA:68,4
DA:70,4
DA:71,8
DA:72,4
DA:74,4
DA:75,4
DA:77,0
DA:78,0
DA:81,0
DA:83,4
DA:84,8
DA:86,8
DA:88,8
DA:91,4
DA:94,8
DA:97,4
DA:99,16
DA:104,4
DA:105,4
DA:106,4
DA:109,4
DA:110,2
DA:111,2
DA:112,2
DA:115,4
DA:118,0
DA:120,4
DA:123,0
DA:124,0
DA:125,0
DA:126,0
DA:141,0
DA:143,0
DA:145,0
DA:146,0
DA:147,0
DA:148,0
DA:149,0
DA:154,2
DA:156,4
DA:157,4
DA:158,2
DA:159,2
DA:160,2
DA:165,0
DA:167,0
DA:168,0
DA:169,0
DA:175,0
DA:176,0
DA:180,0
DA:181,0
DA:185,0
DA:186,0
DA:190,0
DA:191,0
DA:192,0
DA:196,2
DA:197,6
DA:201,0
DA:202,0
DA:206,0
DA:207,0
DA:211,0
DA:213,0
DA:217,0
DA:219,0
DA:224,0
DA:225,0
DA:226,0
DA:228,0
DA:229,0
DA:230,0
DA:231,0
DA:232,0
LF:94
LH:43
end_of_record
SF:lib\home\block\ganre_cubit.dart
DA:9,0
DA:10,0
DA:15,0
DA:17,0
DA:18,0
DA:20,0
DA:22,0
DA:23,0
DA:25,0
LF:9
LH:0
end_of_record
SF:lib\home\block\ganre_state.dart
DA:6,0
DA:7,0
DA:11,0
DA:12,0
DA:20,0
DA:21,0
DA:25,0
DA:26,0
LF:8
LH:0
end_of_record
SF:lib\main.dart
DA:9,6
DA:10,0
DA:11,0
DA:13,0
DA:16,0
DA:17,0
DA:18,0
DA:20,0
DA:24,0
DA:26,0
DA:27,0
DA:29,0
DA:30,0
DA:32,0
DA:35,0
LF:15
LH:1
end_of_record
SF:lib\home\block\movie_cubit.dart
DA:9,2
DA:10,4
DA:11,4
DA:17,2
DA:19,4
DA:21,6
DA:22,4
DA:24,0
DA:26,0
LF:9
LH:7
end_of_record
SF:lib\home\block\movie_state.dart
DA:7,0
DA:8,0
DA:12,0
DA:13,0
DA:21,0
DA:22,0
DA:26,0
DA:27,0
LF:8
LH:0
end_of_record
SF:lib\home\view\home_view.dart
DA:11,0
DA:15,0
DA:17,0
DA:18,0
DA:19,0
DA:23,0
DA:24,0
DA:25,0
DA:27,0
DA:28,0
DA:31,0
DA:32,0
DA:36,0
DA:37,0
DA:38,0
DA:39,0
DA:40,0
DA:47,0
DA:49,0
DA:54,0
DA:55,0
DA:56,0
DA:57,0
DA:58,0
DA:59,0
DA:60,0
DA:61,0
DA:63,0
DA:65,0
DA:66,0
DA:68,0
DA:69,0
DA:74,0
DA:83,0
DA:88,0
LF:35
LH:0
end_of_record
SF:lib\home\widget\ganre_display\ganre_page.dart
DA:14,0
DA:16,0
DA:18,0
DA:19,0
LF:4
LH:0
end_of_record
SF:lib\home\widget\movie\movie_page.dart
DA:12,0
DA:17,0
DA:19,0
DA:21,0
DA:22,0
DA:23,0
DA:24,0
DA:25,0
DA:26,0
DA:27,0
LF:10
LH:0
end_of_record
SF:lib\home\widget\ganre_display\ganre_view.dart
DA:15,0
DA:16,0
DA:18,0
DA:19,0
DA:25,0
DA:27,0
DA:30,0
DA:32,0
DA:34,0
DA:35,0
DA:37,0
DA:38,0
DA:39,0
DA:40,0
DA:41,0
DA:46,0
DA:47,0
DA:48,0
DA:49,0
DA:50,0
DA:51,0
DA:52,0
DA:53,0
DA:54,0
DA:55,0
DA:57,0
DA:59,0
DA:60,0
DA:61,0
DA:62,0
DA:64,0
DA:65,0
DA:66,0
DA:67,0
DA:68,0
DA:69,0
DA:70,0
DA:73,0
DA:75,0
DA:76,0
DA:80,0
DA:84,0
DA:85,0
DA:86,0
DA:89,0
DA:103,0
DA:109,0
DA:110,0
DA:111,0
DA:112,0
DA:116,0
DA:120,0
DA:121,0
DA:123,0
LF:54
LH:0
end_of_record
SF:lib\home\widget\horisontal_display.dart
DA:9,0
DA:14,0
DA:16,0
DA:18,0
DA:19,0
DA:20,0
DA:21,0
DA:23,0
DA:24,0
DA:25,0
DA:26,0
DA:28,0
DA:29,0
DA:30,0
DA:31,0
DA:32,0
DA:34,0
DA:37,0
DA:38,0
DA:40,0
DA:41,0
DA:42,0
DA:43,0
DA:44,0
LF:24
LH:0
end_of_record
SF:lib\home\widget\movie\movie_view.dart
DA:14,0
DA:19,0
DA:21,0
DA:23,0
DA:26,0
DA:27,0
DA:28,0
DA:29,0
DA:30,0
DA:31,0
DA:32,0
DA:33,0
DA:34,0
DA:35,0
DA:37,0
DA:42,0
DA:43,0
DA:44,0
DA:48,0
DA:52,0
DA:53,0
DA:55,0
LF:22
LH:0
end_of_record
SF:lib\navigator\route_generator.dart
DA:9,0
DA:10,0
DA:13,0
DA:17,0
DA:18,0
DA:20,0
DA:21,0
DA:22,0
DA:24,0
DA:25,0
DA:27,0
DA:28,0
DA:30,0
DA:31,0
DA:39,0
DA:40,0
DA:43,0
DA:49,0
DA:50,0
DA:51,0
DA:54,0
DA:57,0
DA:58,0
DA:59,0
DA:60,0
DA:61,0
LF:26
LH:0
end_of_record
SF:lib\model\cast.g.dart
DA:9,2
DA:10,1
DA:11,1
DA:12,1
DA:15,0
DA:16,0
DA:17,0
DA:18,0
LF:8
LH:4
end_of_record
SF:lib\model\cast.dart
DA:10,1
DA:12,2
DA:14,0
LF:3
LH:2
end_of_record
SF:lib\model\movie_detail.g.dart
DA:9,1
DA:10,1
DA:11,1
DA:12,1
DA:13,1
DA:14,1
DA:15,1
DA:16,0
DA:18,0
DA:19,0
DA:20,0
DA:21,0
DA:22,0
DA:23,0
DA:25,0
DA:26,0
DA:27,0
DA:28,0
DA:29,0
DA:30,0
DA:31,0
DA:32,0
DA:33,0
DA:34,0
DA:35,0
LF:25
LH:7
end_of_record
SF:lib\model\movie_detail.dart
DA:21,0
DA:31,2
DA:33,0
LF:3
LH:1
end_of_record
SF:lib\model\screenshot.dart
DA:10,0
DA:15,2
DA:17,0
DA:19,0
DA:21,0
LF:5
LH:1
end_of_record
SF:lib\model\screenshot.g.dart
DA:9,1
DA:10,1
DA:13,0
DA:14,0
DA:15,0
LF:5
LH:2
end_of_record
SF:lib\model\person.dart
DA:15,0
DA:24,0
DA:26,0
LF:3
LH:0
end_of_record
SF:lib\model\person.g.dart
DA:9,0
DA:10,0
DA:11,0
DA:12,0
DA:13,0
DA:14,0
DA:15,0
DA:16,0
DA:19,0
DA:20,0
DA:21,0
DA:22,0
DA:23,0
DA:24,0
DA:25,0
DA:26,0
LF:16
LH:0
end_of_record
SF:lib\movie_detail\bloc\movie_detail_cubit.dart
DA:8,0
DA:9,0
DA:15,0
DA:17,0
DA:18,0
DA:19,0
DA:21,0
LF:7
LH:0
end_of_record
SF:lib\movie_detail\bloc\movie_detail_state.dart
DA:7,0
DA:8,0
DA:12,0
DA:13,0
DA:17,0
DA:21,0
DA:22,0
DA:26,0
DA:27,0
LF:9
LH:0
end_of_record
SF:lib\movie_detail\view\movie_detail_page.dart
DA:10,0
DA:12,0
DA:14,0
DA:15,0
LF:4
LH:0
end_of_record
SF:lib\movie_detail\view\movie_detail_view.dart
DA:8,5
DA:10,0
DA:12,0
DA:13,0
DA:14,0
DA:15,0
DA:19,0
DA:23,0
DA:24,0
DA:25,0
DA:27,0
LF:11
LH:1
end_of_record
SF:lib\movie_detail\widget\body.dart
DA:12,0
DA:15,0
DA:19,0
DA:21,0
DA:22,0
DA:23,0
DA:24,0
DA:25,0
DA:26,0
DA:30,0
DA:31,0
DA:34,0
DA:35,0
DA:37,0
DA:38,0
DA:41,0
DA:42,0
DA:48,0
DA:51,0
DA:52,0
DA:54,0
DA:55,0
DA:56,0
DA:58,0
DA:69,0
DA:70,0
DA:74,0
DA:78,0
DA:80,0
DA:81,0
DA:86,0
DA:87,0
DA:88,0
DA:89,0
DA:92,0
DA:94,0
DA:95,0
DA:105,0
DA:106,0
DA:108,0
DA:109,0
DA:115,0
DA:116,0
DA:117,0
DA:118,0
DA:119,0
DA:120,0
DA:121,0
DA:123,0
DA:124,0
DA:125,0
DA:128,0
DA:130,0
DA:131,0
DA:139,0
DA:140,0
DA:149,0
DA:156,0
DA:162,0
DA:165,0
DA:166,0
DA:167,0
LF:62
LH:0
end_of_record
SF:lib\movie_detail\widget\button_back.dart
DA:4,0
DA:7,0
DA:11,0
DA:13,0
DA:14,0
DA:15,0
LF:6
LH:0
end_of_record
SF:lib\person_detail\view\person_detail_page.dart
DA:10,0
DA:12,0
DA:14,0
DA:15,0
LF:4
LH:0
end_of_record
SF:lib\search\view\search_page.dart
DA:10,0
DA:11,0
DA:14,0
DA:16,0
DA:17,0
LF:5
LH:0
end_of_record
SF:lib\person_detail\bloc\person_detail_cubit.dart
DA:7,0
DA:8,0
DA:14,0
DA:16,0
DA:17,0
DA:18,0
DA:20,0
LF:7
LH:0
end_of_record
SF:lib\person_detail\bloc\person_detail_state.dart
DA:7,0
DA:8,0
DA:12,0
DA:13,0
DA:17,0
DA:21,0
DA:22,0
DA:26,0
DA:27,0
LF:9
LH:0
end_of_record
SF:lib\person_detail\view\person_detail_view.dart
DA:10,5
DA:12,0
DA:14,0
DA:15,0
DA:16,0
DA:17,0
DA:18,0
DA:22,0
DA:26,0
DA:27,0
DA:28,0
DA:29,0
DA:30,0
DA:32,0
DA:33,0
DA:34,0
DA:36,0
DA:39,0
DA:40,0
DA:41,0
DA:42,0
DA:45,0
DA:46,0
DA:48,0
DA:49,0
DA:51,0
DA:52,0
DA:56,0
DA:57,0
DA:58,0
DA:59,0
DA:62,0
DA:63,0
DA:67,0
DA:78,0
DA:84,0
LF:36
LH:1
end_of_record
SF:lib\search\bloc\search_cubit.dart
DA:7,0
DA:8,0
DA:14,0
DA:16,0
DA:17,0
DA:18,0
DA:20,0
LF:7
LH:0
end_of_record
SF:lib\search\bloc\search_state.dart
DA:8,0
DA:9,0
DA:13,0
DA:14,0
DA:18,0
DA:22,0
DA:23,0
DA:27,0
DA:28,0
LF:9
LH:0
end_of_record
SF:lib\search\view\search_view.dart
DA:10,5
DA:12,0
DA:14,0
DA:15,0
DA:16,0
DA:17,0
DA:18,0
DA:22,0
DA:26,0
DA:27,0
DA:28,0
DA:29,0
DA:30,0
DA:31,0
DA:32,0
DA:35,0
DA:36,0
DA:37,0
DA:38,0
DA:40,0
DA:41,0
DA:42,0
DA:46,0
DA:47,0
DA:48,0
DA:58,0
LF:26
LH:1
end_of_record
